Start testing: May 18 19:39 CST
----------------------------------------------------------
1/15 Testing: addr_test
1/15 Test: addr_test
Command: "/home/mvnl-fancy/uhd-source_003.005.002-release/build/tests/addr_test"
Directory: /home/mvnl-fancy/uhd-source_003.005.002-release/build/tests
"addr_test" start time: May 18 19:39 CST
Output:
----------------------------------------------------------
linux; GNU C++ version 4.6.3; Boost_104800; UHD_003.005.002-0-unknown

Running 3 test cases...
Testing mac addr...
Input: 00:01:23:45:67:89
Output: 00:01:23:45:67:89
Testing device addr...
Pretty Print: 
Device Address:
    key1: val1
    key3: 
Args String: key1=val1,key3=
Testing dboard id...
Pretty Print: 

*** No errors detected
Unknown (0xffff)
<end of output>
Test time =   0.02 sec
----------------------------------------------------------
Test Passed.
"addr_test" end time: May 18 19:39 CST
"addr_test" time elapsed: 00:00:00
----------------------------------------------------------

2/15 Testing: buffer_test
2/15 Test: buffer_test
Command: "/home/mvnl-fancy/uhd-source_003.005.002-release/build/tests/buffer_test"
Directory: /home/mvnl-fancy/uhd-source_003.005.002-release/build/tests
"buffer_test" start time: May 18 19:39 CST
Output:
----------------------------------------------------------
Running 2 test cases...

*** No errors detected
<end of output>
Test time =   0.03 sec
----------------------------------------------------------
Test Passed.
"buffer_test" end time: May 18 19:39 CST
"buffer_test" time elapsed: 00:00:00
----------------------------------------------------------

3/15 Testing: byteswap_test
3/15 Test: byteswap_test
Command: "/home/mvnl-fancy/uhd-source_003.005.002-release/build/tests/byteswap_test"
Directory: /home/mvnl-fancy/uhd-source_003.005.002-release/build/tests
"byteswap_test" start time: May 18 19:39 CST
Output:
----------------------------------------------------------
Running 3 test cases...

*** No errors detected
<end of output>
Test time =   0.01 sec
----------------------------------------------------------
Test Passed.
"byteswap_test" end time: May 18 19:39 CST
"byteswap_test" time elapsed: 00:00:00
----------------------------------------------------------

4/15 Testing: convert_test
4/15 Test: convert_test
Command: "/home/mvnl-fancy/uhd-source_003.005.002-release/build/tests/convert_test"
Directory: /home/mvnl-fancy/uhd-source_003.005.002-release/build/tests
"convert_test" start time: May 18 19:39 CST
Output:
----------------------------------------------------------
linux; GNU C++ version 4.6.3; Boost_104800; UHD_003.005.002-0-unknown

Running 11 test cases...

*** No errors detected
<end of output>
Test time =   0.07 sec
----------------------------------------------------------
Test Passed.
"convert_test" end time: May 18 19:39 CST
"convert_test" time elapsed: 00:00:00
----------------------------------------------------------

5/15 Testing: dict_test
5/15 Test: dict_test
Command: "/home/mvnl-fancy/uhd-source_003.005.002-release/build/tests/dict_test"
Directory: /home/mvnl-fancy/uhd-source_003.005.002-release/build/tests
"dict_test" start time: May 18 19:39 CST
Output:
----------------------------------------------------------
linux; GNU C++ version 4.6.3; Boost_104800; UHD_003.005.002-0-unknown

Running 4 test cases...

*** No errors detected
<end of output>
Test time =   0.01 sec
----------------------------------------------------------
Test Passed.
"dict_test" end time: May 18 19:39 CST
"dict_test" time elapsed: 00:00:00
----------------------------------------------------------

6/15 Testing: error_test
6/15 Test: error_test
Command: "/home/mvnl-fancy/uhd-source_003.005.002-release/build/tests/error_test"
Directory: /home/mvnl-fancy/uhd-source_003.005.002-release/build/tests
"error_test" start time: May 18 19:39 CST
Output:
----------------------------------------------------------
linux; GNU C++ version 4.6.3; Boost_104800; UHD_003.005.002-0-unknown

Running 4 test cases...
what: AssertionError: your assertion failed: 1 != 2
code: 2508
The output of the assert_has error:
AssertionError: assertion failed:
  1 is not a valid prime.
  possible values are: [2, 3, 5].

The output of the assert throw error:
AssertionError: 2 + 2 == 5
  in void test_assert_throw::test_method()
  at /home/mvnl-fancy/uhd-source_003.005.002-release/tests/error_test.cpp:56

RuntimeError: noooooo
RuntimeError: noooooo

*** No errors detected
<end of output>
Test time =   0.01 sec
----------------------------------------------------------
Test Passed.
"error_test" end time: May 18 19:39 CST
"error_test" time elapsed: 00:00:00
----------------------------------------------------------

7/15 Testing: gain_group_test
7/15 Test: gain_group_test
Command: "/home/mvnl-fancy/uhd-source_003.005.002-release/build/tests/gain_group_test"
Directory: /home/mvnl-fancy/uhd-source_003.005.002-release/build/tests
"gain_group_test" start time: May 18 19:39 CST
Output:
----------------------------------------------------------
linux; GNU C++ version 4.6.3; Boost_104800; UHD_003.005.002-0-unknown

Running 2 test cases...

*** No errors detected
<end of output>
Test time =   0.01 sec
----------------------------------------------------------
Test Passed.
"gain_group_test" end time: May 18 19:39 CST
"gain_group_test" time elapsed: 00:00:00
----------------------------------------------------------

8/15 Testing: msg_test
8/15 Test: msg_test
Command: "/home/mvnl-fancy/uhd-source_003.005.002-release/build/tests/msg_test"
Directory: /home/mvnl-fancy/uhd-source_003.005.002-release/build/tests
"msg_test" start time: May 18 19:39 CST
Output:
----------------------------------------------------------
linux; GNU C++ version 4.6.3; Boost_104800; UHD_003.005.002-0-unknown

Running 1 test case...
---begin print test ---
-- This is a test print for a status message.
-- And this is the second line of the test print.

UHD Warning:
    This is a test print for a warning message.
    And this is the second line of the test print.

UHD Error:
    This is a test print for an error message.
    And this is the second line of the test print.
-- /home/mvnl-fancy/uhd-source_003.005.002-release/tests/msg_test.cpp:36
-- x = 42
---end print test ---

*** No errors detected
<end of output>
Test time =   0.01 sec
----------------------------------------------------------
Test Passed.
"msg_test" end time: May 18 19:39 CST
"msg_test" time elapsed: 00:00:00
----------------------------------------------------------

9/15 Testing: property_test
9/15 Test: property_test
Command: "/home/mvnl-fancy/uhd-source_003.005.002-release/build/tests/property_test"
Directory: /home/mvnl-fancy/uhd-source_003.005.002-release/build/tests
"property_test" start time: May 18 19:39 CST
Output:
----------------------------------------------------------
linux; GNU C++ version 4.6.3; Boost_104800; UHD_003.005.002-0-unknown

Running 7 test cases...

*** No errors detected
<end of output>
Test time =   0.01 sec
----------------------------------------------------------
Test Passed.
"property_test" end time: May 18 19:39 CST
"property_test" time elapsed: 00:00:00
----------------------------------------------------------

10/15 Testing: ranges_test
10/15 Test: ranges_test
Command: "/home/mvnl-fancy/uhd-source_003.005.002-release/build/tests/ranges_test"
Directory: /home/mvnl-fancy/uhd-source_003.005.002-release/build/tests
"ranges_test" start time: May 18 19:39 CST
Output:
----------------------------------------------------------
linux; GNU C++ version 4.6.3; Boost_104800; UHD_003.005.002-0-unknown

Running 3 test cases...

*** No errors detected
<end of output>
Test time =   0.01 sec
----------------------------------------------------------
Test Passed.
"ranges_test" end time: May 18 19:39 CST
"ranges_test" time elapsed: 00:00:00
----------------------------------------------------------

11/15 Testing: sph_recv_test
11/15 Test: sph_recv_test
Command: "/home/mvnl-fancy/uhd-source_003.005.002-release/build/tests/sph_recv_test"
Directory: /home/mvnl-fancy/uhd-source_003.005.002-release/build/tests
"sph_recv_test" start time: May 18 19:39 CST
Output:
----------------------------------------------------------
linux; GNU C++ version 4.6.3; Boost_104800; UHD_003.005.002-0-unknown

Running 7 test cases...
data check 0
data check 1
data check 2
data check 3
data check 4
data check 5
data check 6
data check 7
data check 8
data check 9
data check 10
data check 11
data check 12
data check 13
data check 14
data check 15
data check 16
data check 17
data check 18
data check 19
data check 20
data check 21
data check 22
data check 23
data check 24
data check 25
data check 26
data check 27
data check 28
data check 29
timeout check 0
timeout check 1
timeout check 2
data check 0
data check 1
data check 2
data check 3
data check 4
data check 5
data check 6
data check 7
data check 8
data check 9
data check 10
data check 11
data check 12
data check 13
data check 14
data check 15
data check 16
data check 17
data check 18
data check 19
data check 20
data check 21
data check 22
data check 23
data check 24
data check 25
data check 26
data check 27
data check 28
data check 29
timeout check 0
timeout check 1
timeout check 2
data check 0
data check 1
data check 2
data check 3
data check 4
data check 5
data check 6
data check 7
data check 8
data check 9
data check 10
data check 11
data check 12
data check 13
data check 14
data check 15
metadata.error_code 8
data check 16
data check 17
data check 18
data check 19
data check 20
data check 21
data check 22
data check 23
data check 24
data check 25
data check 26
data check 27
data check 28
data check 29
timeout check 0
timeout check 1
timeout check 2
data check 0
data check 1
data check 2
data check 3
data check 4
data check 5
data check 6
data check 7
data check 8
data check 9
data check 10
data check 11
data check 12
data check 13
data check 14
data check 15
data check 16
data check 17
data check 18
data check 19
data check 20
data check 21
data check 22
data check 23
data check 24
data check 25
data check 26
data check 27
data check 28
data check 29
timeout check 0
timeout check 1
timeout check 2
data check 0
data check 1
data check 2
data check 3
data check 4
data check 5
data check 6
data check 7
data check 8
data check 9
data check 10
data check 11
data check 12
data check 13
data check 14
data check 15
data check 16
data check 17
data check 18
data check 19
data check 20
data check 21
data check 22
data check 23
data check 24
data check 25
data check 26
data check 27
data check 28
data check 29
timeout check 0
timeout check 1
timeout check 2
data check 0
data check 1
data check 2
data check 3
data check 4
data check 5
data check 6
data check 7
data check 8
data check 9
data check 10
data check 11
data check 12
data check 13
data check 14
data check 15
data check 16
data check 17
data check 18
data check 19
data check 20
data check 21
data check 22
data check 23
data check 24
data check 25
data check 26
data check 27
data check 28
data check 29
timeout check 0
timeout check 1
timeout check 2
data check 0
data check 1
data check 2
data check 3
data check 4
data check 5
data check 6
data check 7
data check 8
data check 9
data check 10
data check 11
data check 12
data check 13
data check 14
data check 15
data check 16
data check 17
data check 18
data check 19
data check 20
data check 21
data check 22
data check 23
data check 24
data check 25
data check 26
data check 27
data check 28
data check 29
timeout check 0
timeout check 1
timeout check 2
OOO
*** No errors detected
<end of output>
Test time =   0.02 sec
----------------------------------------------------------
Test Passed.
"sph_recv_test" end time: May 18 19:39 CST
"sph_recv_test" time elapsed: 00:00:00
----------------------------------------------------------

12/15 Testing: sph_send_test
12/15 Test: sph_send_test
Command: "/home/mvnl-fancy/uhd-source_003.005.002-release/build/tests/sph_send_test"
Directory: /home/mvnl-fancy/uhd-source_003.005.002-release/build/tests
"sph_send_test" start time: May 18 19:39 CST
Output:
----------------------------------------------------------
linux; GNU C++ version 4.6.3; Boost_104800; UHD_003.005.002-0-unknown

Running 2 test cases...
data check 0
data check 1
data check 2
data check 3
data check 4
data check 5
data check 6
data check 7
data check 8
data check 9
data check 10
data check 11
data check 12
data check 13
data check 14
data check 15
data check 16
data check 17
data check 18
data check 19
data check 20
data check 21
data check 22
data check 23
data check 24
data check 25
data check 26
data check 27
data check 28
data check 29
data check 0
data check 1
data check 2
data check 3
data check 4
data check 5
data check 6
data check 7
data check 8
data check 9
data check 10
data check 11
data check 12
data check 13
data check 14
data check 15
data check 16
data check 17
data check 18
data check 19
data check 20
data check 21
data check 22
data check 23
data check 24
data check 25
data check 26
data check 27
data check 28
data check 29

*** No errors detected
<end of output>
Test time =   0.01 sec
----------------------------------------------------------
Test Passed.
"sph_send_test" end time: May 18 19:39 CST
"sph_send_test" time elapsed: 00:00:00
----------------------------------------------------------

13/15 Testing: subdev_spec_test
13/15 Test: subdev_spec_test
Command: "/home/mvnl-fancy/uhd-source_003.005.002-release/build/tests/subdev_spec_test"
Directory: /home/mvnl-fancy/uhd-source_003.005.002-release/build/tests
"subdev_spec_test" start time: May 18 19:39 CST
Output:
----------------------------------------------------------
linux; GNU C++ version 4.6.3; Boost_104800; UHD_003.005.002-0-unknown

Running 1 test case...
Testing subdevice specification...
Pretty Print: 
Subdevice Specification:
    Channel 0: Daughterboard A, Subdevice AB
    Channel 1: Daughterboard B, Subdevice AB
Markup String: A:AB B:AB

*** No errors detected
<end of output>
Test time =   0.01 sec
----------------------------------------------------------
Test Passed.
"subdev_spec_test" end time: May 18 19:39 CST
"subdev_spec_test" time elapsed: 00:00:00
----------------------------------------------------------

14/15 Testing: time_spec_test
14/15 Test: time_spec_test
Command: "/home/mvnl-fancy/uhd-source_003.005.002-release/build/tests/time_spec_test"
Directory: /home/mvnl-fancy/uhd-source_003.005.002-release/build/tests
"time_spec_test" start time: May 18 19:39 CST
Output:
----------------------------------------------------------
linux; GNU C++ version 4.6.3; Boost_104800; UHD_003.005.002-0-unknown

Running 5 test cases...
Testing time specification compare...
Testing time specification arithmetic...
Testing time specification parts...
Testing time specification get system time...
start: 10451.5
stop: 10452
diff: 0.500156
ts1 0.3
ts2 0.1
tsa 430.001
tsb 430
tsc 0.3
tsd 0.001265

*** No errors detected
<end of output>
Test time =   0.51 sec
----------------------------------------------------------
Test Passed.
"time_spec_test" end time: May 18 19:39 CST
"time_spec_test" time elapsed: 00:00:00
----------------------------------------------------------

15/15 Testing: vrt_test
15/15 Test: vrt_test
Command: "/home/mvnl-fancy/uhd-source_003.005.002-release/build/tests/vrt_test"
Directory: /home/mvnl-fancy/uhd-source_003.005.002-release/build/tests
"vrt_test" start time: May 18 19:39 CST
Output:
----------------------------------------------------------
linux; GNU C++ version 4.6.3; Boost_104800; UHD_003.005.002-0-unknown

Running 5 test cases...

*** No errors detected
<end of output>
Test time =   0.02 sec
----------------------------------------------------------
Test Passed.
"vrt_test" end time: May 18 19:39 CST
"vrt_test" time elapsed: 00:00:00
----------------------------------------------------------

End testing: May 18 19:39 CST
